<?xml version="1.0" encoding="UTF-8"?>
<coverage generated="1683992086644" clover="3.2.0">
  <project timestamp="1683992086645" name="All files">
    <metrics statements="42" coveredstatements="42" conditionals="11" coveredconditionals="10" methods="9" coveredmethods="9" elements="62" coveredelements="61" complexity="0" loc="42" ncloc="42" packages="1" files="1" classes="1"/>
    <file name="index.js" path="C:\Users\а733\OneDrive\Рабочий стол\домашки\oop\src\index.js">
      <metrics statements="42" coveredstatements="42" conditionals="11" coveredconditionals="10" methods="9" coveredmethods="9"/>
      <line num="1" count="1" type="stmt"/>
      <line num="12" count="9" type="stmt"/>
      <line num="13" count="9" type="stmt"/>
      <line num="14" count="9" type="cond" truecount="5" falsecount="0"/>
      <line num="15" count="2" type="stmt"/>
      <line num="17" count="7" type="stmt"/>
      <line num="20" count="7" type="cond" truecount="2" falsecount="0"/>
      <line num="21" count="6" type="stmt"/>
      <line num="23" count="1" type="stmt"/>
      <line num="27" count="2" type="cond" truecount="2" falsecount="0"/>
      <line num="28" count="1" type="stmt"/>
      <line num="30" count="1" type="stmt"/>
      <line num="31" count="1" type="stmt"/>
      <line num="32" count="1" type="stmt"/>
      <line num="33" count="1" type="stmt"/>
      <line num="37" count="1" type="stmt"/>
      <line num="38" count="1" type="cond" truecount="1" falsecount="1"/>
      <line num="39" count="1" type="stmt"/>
      <line num="46" count="4" type="stmt"/>
      <line num="47" count="1" type="stmt"/>
      <line num="48" count="1" type="stmt"/>
      <line num="53" count="1" type="stmt"/>
      <line num="54" count="1" type="stmt"/>
      <line num="55" count="1" type="stmt"/>
      <line num="60" count="1" type="stmt"/>
      <line num="61" count="1" type="stmt"/>
      <line num="62" count="1" type="stmt"/>
      <line num="67" count="1" type="stmt"/>
      <line num="68" count="1" type="stmt"/>
      <line num="69" count="1" type="stmt"/>
      <line num="74" count="1" type="stmt"/>
      <line num="75" count="1" type="stmt"/>
      <line num="76" count="1" type="stmt"/>
      <line num="81" count="1" type="stmt"/>
      <line num="82" count="1" type="stmt"/>
      <line num="83" count="1" type="stmt"/>
      <line num="87" count="1" type="stmt"/>
      <line num="88" count="1" type="stmt"/>
      <line num="89" count="1" type="stmt"/>
      <line num="90" count="1" type="stmt"/>
      <line num="91" count="1" type="stmt"/>
      <line num="92" count="1" type="stmt"/>
    </file>
  </project>
</coverage>
