{"C:\\Users\\а733\\OneDrive\\Рабочий стол\\домашки\\oop\\src\\index.js": {"path":"C:\\Users\\а733\\OneDrive\\Рабочий стол\\домашки\\oop\\src\\index.js","statementMap":{"0":{"start":{"line":1,"column":15},"end":{"line":8,"column":1}},"1":{"start":{"line":12,"column":4},"end":{"line":12,"column":22}},"2":{"start":{"line":13,"column":4},"end":{"line":13,"column":19}},"3":{"start":{"line":14,"column":4},"end":{"line":18,"column":5}},"4":{"start":{"line":15,"column":6},"end":{"line":15,"column":51}},"5":{"start":{"line":17,"column":6},"end":{"line":17,"column":23}},"6":{"start":{"line":20,"column":4},"end":{"line":24,"column":5}},"7":{"start":{"line":21,"column":6},"end":{"line":21,"column":32}},"8":{"start":{"line":23,"column":6},"end":{"line":23,"column":44}},"9":{"start":{"line":27,"column":4},"end":{"line":34,"column":5}},"10":{"start":{"line":28,"column":6},"end":{"line":28,"column":56}},"11":{"start":{"line":30,"column":6},"end":{"line":30,"column":19}},"12":{"start":{"line":31,"column":6},"end":{"line":31,"column":24}},"13":{"start":{"line":32,"column":6},"end":{"line":32,"column":59}},"14":{"start":{"line":33,"column":6},"end":{"line":33,"column":62}},"15":{"start":{"line":37,"column":4},"end":{"line":37,"column":25}},"16":{"start":{"line":38,"column":4},"end":{"line":40,"column":5}},"17":{"start":{"line":39,"column":6},"end":{"line":39,"column":55}},"18":{"start":{"line":46,"column":4},"end":{"line":46,"column":37}},"19":{"start":{"line":47,"column":4},"end":{"line":47,"column":21}},"20":{"start":{"line":48,"column":4},"end":{"line":48,"column":22}},"21":{"start":{"line":53,"column":4},"end":{"line":53,"column":37}},"22":{"start":{"line":54,"column":4},"end":{"line":54,"column":21}},"23":{"start":{"line":55,"column":4},"end":{"line":55,"column":22}},"24":{"start":{"line":60,"column":4},"end":{"line":60,"column":37}},"25":{"start":{"line":61,"column":4},"end":{"line":61,"column":21}},"26":{"start":{"line":62,"column":4},"end":{"line":62,"column":22}},"27":{"start":{"line":67,"column":4},"end":{"line":67,"column":37}},"28":{"start":{"line":68,"column":4},"end":{"line":68,"column":21}},"29":{"start":{"line":69,"column":4},"end":{"line":69,"column":22}},"30":{"start":{"line":74,"column":4},"end":{"line":74,"column":37}},"31":{"start":{"line":75,"column":4},"end":{"line":75,"column":21}},"32":{"start":{"line":76,"column":4},"end":{"line":76,"column":22}},"33":{"start":{"line":81,"column":4},"end":{"line":81,"column":37}},"34":{"start":{"line":82,"column":4},"end":{"line":82,"column":21}},"35":{"start":{"line":83,"column":4},"end":{"line":83,"column":22}},"36":{"start":{"line":87,"column":24},"end":{"line":87,"column":60}},"37":{"start":{"line":88,"column":18},"end":{"line":88,"column":57}},"38":{"start":{"line":89,"column":17},"end":{"line":89,"column":53}},"39":{"start":{"line":90,"column":15},"end":{"line":90,"column":45}},"40":{"start":{"line":91,"column":15},"end":{"line":91,"column":45}},"41":{"start":{"line":92,"column":15},"end":{"line":92,"column":45}}},"fnMap":{"0":{"name":"(anonymous_0)","decl":{"start":{"line":11,"column":2},"end":{"line":11,"column":3}},"loc":{"start":{"line":11,"column":41},"end":{"line":25,"column":3}},"line":11},"1":{"name":"(anonymous_1)","decl":{"start":{"line":26,"column":2},"end":{"line":26,"column":3}},"loc":{"start":{"line":26,"column":12},"end":{"line":35,"column":3}},"line":26},"2":{"name":"(anonymous_2)","decl":{"start":{"line":36,"column":2},"end":{"line":36,"column":3}},"loc":{"start":{"line":36,"column":17},"end":{"line":41,"column":3}},"line":36},"3":{"name":"(anonymous_3)","decl":{"start":{"line":45,"column":2},"end":{"line":45,"column":3}},"loc":{"start":{"line":45,"column":41},"end":{"line":49,"column":3}},"line":45},"4":{"name":"(anonymous_4)","decl":{"start":{"line":52,"column":2},"end":{"line":52,"column":3}},"loc":{"start":{"line":52,"column":41},"end":{"line":56,"column":3}},"line":52},"5":{"name":"(anonymous_5)","decl":{"start":{"line":59,"column":2},"end":{"line":59,"column":3}},"loc":{"start":{"line":59,"column":41},"end":{"line":63,"column":3}},"line":59},"6":{"name":"(anonymous_6)","decl":{"start":{"line":66,"column":2},"end":{"line":66,"column":3}},"loc":{"start":{"line":66,"column":41},"end":{"line":70,"column":3}},"line":66},"7":{"name":"(anonymous_7)","decl":{"start":{"line":73,"column":2},"end":{"line":73,"column":3}},"loc":{"start":{"line":73,"column":41},"end":{"line":77,"column":3}},"line":73},"8":{"name":"(anonymous_8)","decl":{"start":{"line":80,"column":2},"end":{"line":80,"column":3}},"loc":{"start":{"line":80,"column":41},"end":{"line":84,"column":3}},"line":80}},"branchMap":{"0":{"loc":{"start":{"line":14,"column":4},"end":{"line":18,"column":5}},"type":"if","locations":[{"start":{"line":14,"column":4},"end":{"line":18,"column":5}},{"start":{"line":16,"column":11},"end":{"line":18,"column":5}}],"line":14},"1":{"loc":{"start":{"line":14,"column":10},"end":{"line":14,"column":74}},"type":"binary-expr","locations":[{"start":{"line":14,"column":10},"end":{"line":14,"column":26}},{"start":{"line":14,"column":30},"end":{"line":14,"column":47}},{"start":{"line":14,"column":51},"end":{"line":14,"column":74}}],"line":14},"2":{"loc":{"start":{"line":20,"column":4},"end":{"line":24,"column":5}},"type":"if","locations":[{"start":{"line":20,"column":4},"end":{"line":24,"column":5}},{"start":{"line":22,"column":11},"end":{"line":24,"column":5}}],"line":20},"3":{"loc":{"start":{"line":27,"column":4},"end":{"line":34,"column":5}},"type":"if","locations":[{"start":{"line":27,"column":4},"end":{"line":34,"column":5}},{"start":{"line":29,"column":11},"end":{"line":34,"column":5}}],"line":27},"4":{"loc":{"start":{"line":38,"column":4},"end":{"line":40,"column":5}},"type":"if","locations":[{"start":{"line":38,"column":4},"end":{"line":40,"column":5}},{"start":{},"end":{}}],"line":38}},"s":{"0":1,"1":9,"2":9,"3":9,"4":2,"5":7,"6":7,"7":6,"8":1,"9":2,"10":1,"11":1,"12":1,"13":1,"14":1,"15":1,"16":1,"17":1,"18":4,"19":1,"20":1,"21":1,"22":1,"23":1,"24":1,"25":1,"26":1,"27":1,"28":1,"29":1,"30":1,"31":1,"32":1,"33":1,"34":1,"35":1,"36":1,"37":1,"38":1,"39":1,"40":1,"41":1},"f":{"0":9,"1":2,"2":1,"3":4,"4":1,"5":1,"6":1,"7":1,"8":1},"b":{"0":[2,7],"1":[9,8,7],"2":[6,1],"3":[1,1],"4":[1,0]},"_coverageSchema":"1a1c01bbd47fc00a2c39e90264f33305004495a9","hash":"f77124bc65098f1ae6586a48f6f9612316dc7ab0"}
}
