TN:
SF:src\index.js
FN:11,(anonymous_0)
FN:26,(anonymous_1)
FN:36,(anonymous_2)
FN:45,(anonymous_3)
FN:52,(anonymous_4)
FN:59,(anonymous_5)
FN:66,(anonymous_6)
FN:73,(anonymous_7)
FN:80,(anonymous_8)
FNF:9
FNH:9
FNDA:9,(anonymous_0)
FNDA:2,(anonymous_1)
FNDA:1,(anonymous_2)
FNDA:4,(anonymous_3)
FNDA:1,(anonymous_4)
FNDA:1,(anonymous_5)
FNDA:1,(anonymous_6)
FNDA:1,(anonymous_7)
FNDA:1,(anonymous_8)
DA:1,1
DA:12,9
DA:13,9
DA:14,9
DA:15,2
DA:17,7
DA:20,7
DA:21,6
DA:23,1
DA:27,2
DA:28,1
DA:30,1
DA:31,1
DA:32,1
DA:33,1
DA:37,1
DA:38,1
DA:39,1
DA:46,4
DA:47,1
DA:48,1
DA:53,1
DA:54,1
DA:55,1
DA:60,1
DA:61,1
DA:62,1
DA:67,1
DA:68,1
DA:69,1
DA:74,1
DA:75,1
DA:76,1
DA:81,1
DA:82,1
DA:83,1
DA:87,1
DA:88,1
DA:89,1
DA:90,1
DA:91,1
DA:92,1
LF:42
LH:42
BRDA:14,0,0,2
BRDA:14,0,1,7
BRDA:14,1,0,9
BRDA:14,1,1,8
BRDA:14,1,2,7
BRDA:20,2,0,6
BRDA:20,2,1,1
BRDA:27,3,0,1
BRDA:27,3,1,1
BRDA:38,4,0,1
BRDA:38,4,1,0
BRF:11
BRH:10
end_of_record
